2014/01/20 16:40:17 [error] [system.db.CDbCommand] CDbCommand::execute() failed: SQLSTATE[23000]: Integrity constraint violation: 1452 Cannot add or update a child row: a foreign key constraint fails (`db_blog`.`tbl_post`, CONSTRAINT `FK_post_author` FOREIGN KEY (`author_id`) REFERENCES `tbl_user` (`id`) ON DELETE CASCADE). The SQL statement executed was: INSERT INTO `tbl_post` (`title`, `content`, `tags`, `status`, `create_time`, `update_time`, `author_id`) VALUES (:yp0, :yp1, :yp2, :yp3, :yp4, :yp5, :yp6).
in /home/webonise/Projects/php/app2013/yiiblog/protected/controllers/PostController.php (73)
in /home/webonise/Projects/php/app2013/yiiblog/index.php (13)
2014/01/20 16:40:17 [error] [exception.CDbException] exception 'CDbException' with message 'CDbCommand failed to execute the SQL statement: SQLSTATE[23000]: Integrity constraint violation: 1452 Cannot add or update a child row: a foreign key constraint fails (`db_blog`.`tbl_post`, CONSTRAINT `FK_post_author` FOREIGN KEY (`author_id`) REFERENCES `tbl_user` (`id`) ON DELETE CASCADE). The SQL statement executed was: INSERT INTO `tbl_post` (`title`, `content`, `tags`, `status`, `create_time`, `update_time`, `author_id`) VALUES (:yp0, :yp1, :yp2, :yp3, :yp4, :yp5, :yp6)' in /home/webonise/Projects/php/app2013/yii/framework/db/CDbCommand.php:358
Stack trace:
#0 /home/webonise/Projects/php/app2013/yii/framework/db/ar/CActiveRecord.php(1080): CDbCommand->execute()
#1 /home/webonise/Projects/php/app2013/yii/framework/db/ar/CActiveRecord.php(809): CActiveRecord->insert(NULL)
#2 /home/webonise/Projects/php/app2013/yiiblog/protected/controllers/PostController.php(73): CActiveRecord->save()
#3 /home/webonise/Projects/php/app2013/yii/framework/web/actions/CInlineAction.php(49): PostController->actionCreate()
#4 /home/webonise/Projects/php/app2013/yii/framework/web/CController.php(308): CInlineAction->runWithParams(Array)
#5 /home/webonise/Projects/php/app2013/yii/framework/web/filters/CFilterChain.php(133): CController->runAction(Object(CInlineAction))
#6 /home/webonise/Projects/php/app2013/yii/framework/web/filters/CFilter.php(40): CFilterChain->run()
#7 /home/webonise/Projects/php/app2013/yii/framework/web/CController.php(1145): CFilter->filter(Object(CFilterChain))
#8 /home/webonise/Projects/php/app2013/yii/framework/web/filters/CInlineFilter.php(58): CController->filterAccessControl(Object(CFilterChain))
#9 /home/webonise/Projects/php/app2013/yii/framework/web/filters/CFilterChain.php(130): CInlineFilter->filter(Object(CFilterChain))
#10 /home/webonise/Projects/php/app2013/yii/framework/web/CController.php(291): CFilterChain->run()
#11 /home/webonise/Projects/php/app2013/yii/framework/web/CController.php(265): CController->runActionWithFilters(Object(CInlineAction), Array)
#12 /home/webonise/Projects/php/app2013/yii/framework/web/CWebApplication.php(282): CController->run('create')
#13 /home/webonise/Projects/php/app2013/yii/framework/web/CWebApplication.php(141): CWebApplication->runController('post/create')
#14 /home/webonise/Projects/php/app2013/yii/framework/base/CApplication.php(180): CWebApplication->processRequest()
#15 /home/webonise/Projects/php/app2013/yiiblog/index.php(13): CApplication->run()
#16 {main}
REQUEST_URI=/index.php?r=post/create
HTTP_REFERER=http://yiiblog.webonise.com/index.php?r=post/create
---
2014/01/20 16:40:57 [error] [php] Trying to get property of non-object (/home/webonise/Projects/php/app2013/yiiblog/protected/views/post/view.php:7)
Stack trace:
#0 /home/webonise/Projects/php/app2013/yii/framework/web/CController.php(869): PostController->renderFile()
#1 /home/webonise/Projects/php/app2013/yii/framework/web/CController.php(782): PostController->renderPartial()
#2 /home/webonise/Projects/php/app2013/yiiblog/protected/controllers/PostController.php(56): PostController->render()
#3 unknown(0): PostController->actionView()
#4 /home/webonise/Projects/php/app2013/yii/framework/web/actions/CAction.php(108): ReflectionMethod->invokeArgs()
#5 /home/webonise/Projects/php/app2013/yii/framework/web/actions/CInlineAction.php(47): CInlineAction->runWithParamsInternal()
#6 /home/webonise/Projects/php/app2013/yii/framework/web/CController.php(308): CInlineAction->runWithParams()
#7 /home/webonise/Projects/php/app2013/yii/framework/web/filters/CFilterChain.php(133): PostController->runAction()
#8 /home/webonise/Projects/php/app2013/yii/framework/web/filters/CFilter.php(40): CFilterChain->run()
#9 /home/webonise/Projects/php/app2013/yii/framework/web/CController.php(1145): CAccessControlFilter->filter()
#10 /home/webonise/Projects/php/app2013/yii/framework/web/filters/CInlineFilter.php(58): PostController->filterAccessControl()
#11 /home/webonise/Projects/php/app2013/yii/framework/web/filters/CFilterChain.php(130): CInlineFilter->filter()
#12 /home/webonise/Projects/php/app2013/yii/framework/web/CController.php(291): CFilterChain->run()
#13 /home/webonise/Projects/php/app2013/yii/framework/web/CController.php(265): PostController->runActionWithFilters()
#14 /home/webonise/Projects/php/app2013/yii/framework/web/CWebApplication.php(282): PostController->run()
#15 /home/webonise/Projects/php/app2013/yii/framework/web/CWebApplication.php(141): CWebApplication->runController()
#16 /home/webonise/Projects/php/app2013/yii/framework/base/CApplication.php(180): CWebApplication->processRequest()
#17 /home/webonise/Projects/php/app2013/yiiblog/index.php(13): CWebApplication->run()
REQUEST_URI=/index.php?r=post/view&id=4
in /home/webonise/Projects/php/app2013/yiiblog/protected/views/post/view.php (7)
in /home/webonise/Projects/php/app2013/yiiblog/protected/controllers/PostController.php (56)
in /home/webonise/Projects/php/app2013/yiiblog/index.php (13)
2014/01/20 16:41:14 [error] [php] Trying to get property of non-object (/home/webonise/Projects/php/app2013/yiiblog/protected/views/post/view.php:7)
Stack trace:
#0 /home/webonise/Projects/php/app2013/yii/framework/web/CController.php(869): PostController->renderFile()
#1 /home/webonise/Projects/php/app2013/yii/framework/web/CController.php(782): PostController->renderPartial()
#2 /home/webonise/Projects/php/app2013/yiiblog/protected/controllers/PostController.php(56): PostController->render()
#3 unknown(0): PostController->actionView()
#4 /home/webonise/Projects/php/app2013/yii/framework/web/actions/CAction.php(108): ReflectionMethod->invokeArgs()
#5 /home/webonise/Projects/php/app2013/yii/framework/web/actions/CInlineAction.php(47): CInlineAction->runWithParamsInternal()
#6 /home/webonise/Projects/php/app2013/yii/framework/web/CController.php(308): CInlineAction->runWithParams()
#7 /home/webonise/Projects/php/app2013/yii/framework/web/filters/CFilterChain.php(133): PostController->runAction()
#8 /home/webonise/Projects/php/app2013/yii/framework/web/filters/CFilter.php(40): CFilterChain->run()
#9 /home/webonise/Projects/php/app2013/yii/framework/web/CController.php(1145): CAccessControlFilter->filter()
#10 /home/webonise/Projects/php/app2013/yii/framework/web/filters/CInlineFilter.php(58): PostController->filterAccessControl()
#11 /home/webonise/Projects/php/app2013/yii/framework/web/filters/CFilterChain.php(130): CInlineFilter->filter()
#12 /home/webonise/Projects/php/app2013/yii/framework/web/CController.php(291): CFilterChain->run()
#13 /home/webonise/Projects/php/app2013/yii/framework/web/CController.php(265): PostController->runActionWithFilters()
#14 /home/webonise/Projects/php/app2013/yii/framework/web/CWebApplication.php(282): PostController->run()
#15 /home/webonise/Projects/php/app2013/yii/framework/web/CWebApplication.php(141): CWebApplication->runController()
#16 /home/webonise/Projects/php/app2013/yii/framework/base/CApplication.php(180): CWebApplication->processRequest()
#17 /home/webonise/Projects/php/app2013/yiiblog/index.php(13): CWebApplication->run()
REQUEST_URI=/index.php?r=post/view&id=5
in /home/webonise/Projects/php/app2013/yiiblog/protected/views/post/view.php (7)
in /home/webonise/Projects/php/app2013/yiiblog/protected/controllers/PostController.php (56)
in /home/webonise/Projects/php/app2013/yiiblog/index.php (13)
2014/01/20 16:42:01 [error] [exception.CHttpException.403] exception 'CHttpException' with message 'You are not authorized to perform this action.' in /home/webonise/Projects/php/app2013/yii/framework/web/auth/CAccessControlFilter.php:182
Stack trace:
#0 /home/webonise/Projects/php/app2013/yii/framework/web/auth/CAccessControlFilter.php(145): CAccessControlFilter->accessDenied(Object(CWebUser), 'You are not aut...')
#1 /home/webonise/Projects/php/app2013/yii/framework/web/filters/CFilter.php(38): CAccessControlFilter->preFilter(Object(CFilterChain))
#2 /home/webonise/Projects/php/app2013/yii/framework/web/CController.php(1145): CFilter->filter(Object(CFilterChain))
#3 /home/webonise/Projects/php/app2013/yii/framework/web/filters/CInlineFilter.php(58): CController->filterAccessControl(Object(CFilterChain))
#4 /home/webonise/Projects/php/app2013/yii/framework/web/filters/CFilterChain.php(130): CInlineFilter->filter(Object(CFilterChain))
#5 /home/webonise/Projects/php/app2013/yii/framework/web/CController.php(291): CFilterChain->run()
#6 /home/webonise/Projects/php/app2013/yii/framework/web/CController.php(265): CController->runActionWithFilters(Object(CInlineAction), Array)
#7 /home/webonise/Projects/php/app2013/yii/framework/web/CWebApplication.php(282): CController->run('admin')
#8 /home/webonise/Projects/php/app2013/yii/framework/web/CWebApplication.php(141): CWebApplication->runController('post/admin')
#9 /home/webonise/Projects/php/app2013/yii/framework/base/CApplication.php(180): CWebApplication->processRequest()
#10 /home/webonise/Projects/php/app2013/yiiblog/index.php(13): CApplication->run()
#11 {main}
REQUEST_URI=/index.php?r=post/admin
HTTP_REFERER=http://yiiblog.webonise.com/index.php?r=post/index
---
2014/01/20 16:42:23 [error] [exception.CHttpException.404] exception 'CHttpException' with message 'Unable to resolve the request "comment".' in /home/webonise/Projects/php/app2013/yii/framework/web/CWebApplication.php:286
Stack trace:
#0 /home/webonise/Projects/php/app2013/yii/framework/web/CWebApplication.php(141): CWebApplication->runController('comment')
#1 /home/webonise/Projects/php/app2013/yii/framework/base/CApplication.php(180): CWebApplication->processRequest()
#2 /home/webonise/Projects/php/app2013/yiiblog/index.php(13): CApplication->run()
#3 {main}
REQUEST_URI=/index.php?r=comment
---
2014/01/20 16:42:26 [error] [exception.CHttpException.404] exception 'CHttpException' with message 'Unable to resolve the request "comment".' in /home/webonise/Projects/php/app2013/yii/framework/web/CWebApplication.php:286
Stack trace:
#0 /home/webonise/Projects/php/app2013/yii/framework/web/CWebApplication.php(141): CWebApplication->runController('comment')
#1 /home/webonise/Projects/php/app2013/yii/framework/base/CApplication.php(180): CWebApplication->processRequest()
#2 /home/webonise/Projects/php/app2013/yiiblog/index.php(13): CApplication->run()
#3 {main}
REQUEST_URI=/index.php?r=comment
---
2014/01/27 14:13:55 [error] [exception.CHttpException.404] exception 'CHttpException' with message 'Unable to resolve the request "user/".' in /home/webonise/Projects/php/app2013/yii/framework/web/CWebApplication.php:286
Stack trace:
#0 /home/webonise/Projects/php/app2013/yii/framework/web/CWebApplication.php(141): CWebApplication->runController('user/')
#1 /home/webonise/Projects/php/app2013/yii/framework/base/CApplication.php(180): CWebApplication->processRequest()
#2 /home/webonise/Projects/php/app2013/yiiblog/index.php(13): CApplication->run()
#3 {main}
REQUEST_URI=/index.php?r=user/
---
2014/01/27 14:13:59 [error] [exception.CHttpException.404] exception 'CHttpException' with message 'Unable to resolve the request "user".' in /home/webonise/Projects/php/app2013/yii/framework/web/CWebApplication.php:286
Stack trace:
#0 /home/webonise/Projects/php/app2013/yii/framework/web/CWebApplication.php(141): CWebApplication->runController('user')
#1 /home/webonise/Projects/php/app2013/yii/framework/base/CApplication.php(180): CWebApplication->processRequest()
#2 /home/webonise/Projects/php/app2013/yiiblog/index.php(13): CApplication->run()
#3 {main}
REQUEST_URI=/index.php?r=user
---
2014/01/27 14:14:06 [error] [exception.CHttpException.404] exception 'CHttpException' with message 'Unable to resolve the request "user/index".' in /home/webonise/Projects/php/app2013/yii/framework/web/CWebApplication.php:286
Stack trace:
#0 /home/webonise/Projects/php/app2013/yii/framework/web/CWebApplication.php(141): CWebApplication->runController('user/index')
#1 /home/webonise/Projects/php/app2013/yii/framework/base/CApplication.php(180): CWebApplication->processRequest()
#2 /home/webonise/Projects/php/app2013/yiiblog/index.php(13): CApplication->run()
#3 {main}
REQUEST_URI=/index.php?r=user/index
---
2014/01/27 14:14:14 [error] [exception.CHttpException.404] exception 'CHttpException' with message 'Unable to resolve the request "user/index".' in /home/webonise/Projects/php/app2013/yii/framework/web/CWebApplication.php:286
Stack trace:
#0 /home/webonise/Projects/php/app2013/yii/framework/web/CWebApplication.php(141): CWebApplication->runController('user/index')
#1 /home/webonise/Projects/php/app2013/yii/framework/base/CApplication.php(180): CWebApplication->processRequest()
#2 /home/webonise/Projects/php/app2013/yiiblog/index.php(13): CApplication->run()
#3 {main}
REQUEST_URI=/index.php?r=user/index
---
2014/01/27 14:14:15 [error] [exception.CHttpException.404] exception 'CHttpException' with message 'Unable to resolve the request "user/index".' in /home/webonise/Projects/php/app2013/yii/framework/web/CWebApplication.php:286
Stack trace:
#0 /home/webonise/Projects/php/app2013/yii/framework/web/CWebApplication.php(141): CWebApplication->runController('user/index')
#1 /home/webonise/Projects/php/app2013/yii/framework/base/CApplication.php(180): CWebApplication->processRequest()
#2 /home/webonise/Projects/php/app2013/yiiblog/index.php(13): CApplication->run()
#3 {main}
REQUEST_URI=/index.php?r=user/index
---
2014/01/27 14:34:06 [error] [php] Undefined variable: dataProvider (/home/webonise/Projects/php/app2013/yiiblog/protected/views/user/index.php:18)
Stack trace:
#0 /home/webonise/Projects/php/app2013/yii/framework/web/CController.php(869): UserController->renderFile()
#1 /home/webonise/Projects/php/app2013/yii/framework/web/CController.php(782): UserController->renderPartial()
#2 /home/webonise/Projects/php/app2013/yiiblog/protected/controllers/UserController.php(38): UserController->render()
#3 /home/webonise/Projects/php/app2013/yii/framework/web/actions/CInlineAction.php(49): UserController->actionIndex()
#4 /home/webonise/Projects/php/app2013/yii/framework/web/CController.php(308): CInlineAction->runWithParams()
#5 /home/webonise/Projects/php/app2013/yii/framework/web/CController.php(286): UserController->runAction()
#6 /home/webonise/Projects/php/app2013/yii/framework/web/CController.php(265): UserController->runActionWithFilters()
#7 /home/webonise/Projects/php/app2013/yii/framework/web/CWebApplication.php(282): UserController->run()
#8 /home/webonise/Projects/php/app2013/yii/framework/web/CWebApplication.php(141): CWebApplication->runController()
#9 /home/webonise/Projects/php/app2013/yii/framework/base/CApplication.php(180): CWebApplication->processRequest()
#10 /home/webonise/Projects/php/app2013/yiiblog/index.php(13): CWebApplication->run()
REQUEST_URI=/index.php?r=user/index
in /home/webonise/Projects/php/app2013/yiiblog/protected/views/user/index.php (18)
in /home/webonise/Projects/php/app2013/yiiblog/protected/controllers/UserController.php (38)
in /home/webonise/Projects/php/app2013/yiiblog/index.php (13)
2014/01/27 14:34:18 [error] [php] Undefined variable: dataProvider (/home/webonise/Projects/php/app2013/yiiblog/protected/views/user/index.php:18)
Stack trace:
#0 /home/webonise/Projects/php/app2013/yii/framework/web/CController.php(869): UserController->renderFile()
#1 /home/webonise/Projects/php/app2013/yii/framework/web/CController.php(782): UserController->renderPartial()
#2 /home/webonise/Projects/php/app2013/yiiblog/protected/controllers/UserController.php(35): UserController->render()
#3 /home/webonise/Projects/php/app2013/yii/framework/web/actions/CInlineAction.php(49): UserController->actionIndex()
#4 /home/webonise/Projects/php/app2013/yii/framework/web/CController.php(308): CInlineAction->runWithParams()
#5 /home/webonise/Projects/php/app2013/yii/framework/web/CController.php(286): UserController->runAction()
#6 /home/webonise/Projects/php/app2013/yii/framework/web/CController.php(265): UserController->runActionWithFilters()
#7 /home/webonise/Projects/php/app2013/yii/framework/web/CWebApplication.php(282): UserController->run()
#8 /home/webonise/Projects/php/app2013/yii/framework/web/CWebApplication.php(141): CWebApplication->runController()
#9 /home/webonise/Projects/php/app2013/yii/framework/base/CApplication.php(180): CWebApplication->processRequest()
#10 /home/webonise/Projects/php/app2013/yiiblog/index.php(13): CWebApplication->run()
REQUEST_URI=/index.php?r=user/index
in /home/webonise/Projects/php/app2013/yiiblog/protected/views/user/index.php (18)
in /home/webonise/Projects/php/app2013/yiiblog/protected/controllers/UserController.php (35)
in /home/webonise/Projects/php/app2013/yiiblog/index.php (13)
2014/01/27 14:35:12 [error] [exception.CException] exception 'CException' with message 'The "dataProvider" property cannot be empty.' in /home/webonise/Projects/php/app2013/yii/framework/zii/widgets/CBaseListView.php:113
Stack trace:
#0 /home/webonise/Projects/php/app2013/yii/framework/zii/widgets/CListView.php(211): CBaseListView->init()
#1 /home/webonise/Projects/php/app2013/yii/framework/web/CBaseController.php(147): CListView->init()
#2 /home/webonise/Projects/php/app2013/yii/framework/web/CBaseController.php(180): CBaseController->createWidget('zii.widgets.CLi...', Array)
#3 /home/webonise/Projects/php/app2013/yiiblog/protected/views/user/index.php(20): CBaseController->widget('zii.widgets.CLi...', Array)
#4 /home/webonise/Projects/php/app2013/yii/framework/web/CBaseController.php(126): require('/home/webonise/...')
#5 /home/webonise/Projects/php/app2013/yii/framework/web/CBaseController.php(95): CBaseController->renderInternal('/home/webonise/...', Array, true)
#6 /home/webonise/Projects/php/app2013/yii/framework/web/CController.php(869): CBaseController->renderFile('/home/webonise/...', Array, true)
#7 /home/webonise/Projects/php/app2013/yii/framework/web/CController.php(782): CController->renderPartial('index', Array, true)
#8 /home/webonise/Projects/php/app2013/yiiblog/protected/controllers/UserController.php(38): CController->render('index', Array)
#9 /home/webonise/Projects/php/app2013/yii/framework/web/actions/CInlineAction.php(49): UserController->actionIndex()
#10 /home/webonise/Projects/php/app2013/yii/framework/web/CController.php(308): CInlineAction->runWithParams(Array)
#11 /home/webonise/Projects/php/app2013/yii/framework/web/CController.php(286): CController->runAction(Object(CInlineAction))
#12 /home/webonise/Projects/php/app2013/yii/framework/web/CController.php(265): CController->runActionWithFilters(Object(CInlineAction), Array)
#13 /home/webonise/Projects/php/app2013/yii/framework/web/CWebApplication.php(282): CController->run('index')
#14 /home/webonise/Projects/php/app2013/yii/framework/web/CWebApplication.php(141): CWebApplication->runController('user/index')
#15 /home/webonise/Projects/php/app2013/yii/framework/base/CApplication.php(180): CWebApplication->processRequest()
#16 /home/webonise/Projects/php/app2013/yiiblog/index.php(13): CApplication->run()
#17 {main}
REQUEST_URI=/index.php?r=user/index
---
2014/01/27 14:35:24 [error] [exception.CException] exception 'CException' with message 'The "dataProvider" property cannot be empty.' in /home/webonise/Projects/php/app2013/yii/framework/zii/widgets/CBaseListView.php:113
Stack trace:
#0 /home/webonise/Projects/php/app2013/yii/framework/zii/widgets/CListView.php(211): CBaseListView->init()
#1 /home/webonise/Projects/php/app2013/yii/framework/web/CBaseController.php(147): CListView->init()
#2 /home/webonise/Projects/php/app2013/yii/framework/web/CBaseController.php(180): CBaseController->createWidget('zii.widgets.CLi...', Array)
#3 /home/webonise/Projects/php/app2013/yiiblog/protected/views/user/index.php(19): CBaseController->widget('zii.widgets.CLi...', Array)
#4 /home/webonise/Projects/php/app2013/yii/framework/web/CBaseController.php(126): require('/home/webonise/...')
#5 /home/webonise/Projects/php/app2013/yii/framework/web/CBaseController.php(95): CBaseController->renderInternal('/home/webonise/...', Array, true)
#6 /home/webonise/Projects/php/app2013/yii/framework/web/CController.php(869): CBaseController->renderFile('/home/webonise/...', Array, true)
#7 /home/webonise/Projects/php/app2013/yii/framework/web/CController.php(782): CController->renderPartial('index', Array, true)
#8 /home/webonise/Projects/php/app2013/yiiblog/protected/controllers/UserController.php(38): CController->render('index', Array)
#9 /home/webonise/Projects/php/app2013/yii/framework/web/actions/CInlineAction.php(49): UserController->actionIndex()
#10 /home/webonise/Projects/php/app2013/yii/framework/web/CController.php(308): CInlineAction->runWithParams(Array)
#11 /home/webonise/Projects/php/app2013/yii/framework/web/CController.php(286): CController->runAction(Object(CInlineAction))
#12 /home/webonise/Projects/php/app2013/yii/framework/web/CController.php(265): CController->runActionWithFilters(Object(CInlineAction), Array)
#13 /home/webonise/Projects/php/app2013/yii/framework/web/CWebApplication.php(282): CController->run('index')
#14 /home/webonise/Projects/php/app2013/yii/framework/web/CWebApplication.php(141): CWebApplication->runController('user/index')
#15 /home/webonise/Projects/php/app2013/yii/framework/base/CApplication.php(180): CWebApplication->processRequest()
#16 /home/webonise/Projects/php/app2013/yiiblog/index.php(13): CApplication->run()
#17 {main}
REQUEST_URI=/index.php?r=user/index
---
2014/01/27 14:35:26 [error] [exception.CException] exception 'CException' with message 'The "dataProvider" property cannot be empty.' in /home/webonise/Projects/php/app2013/yii/framework/zii/widgets/CBaseListView.php:113
Stack trace:
#0 /home/webonise/Projects/php/app2013/yii/framework/zii/widgets/CListView.php(211): CBaseListView->init()
#1 /home/webonise/Projects/php/app2013/yii/framework/web/CBaseController.php(147): CListView->init()
#2 /home/webonise/Projects/php/app2013/yii/framework/web/CBaseController.php(180): CBaseController->createWidget('zii.widgets.CLi...', Array)
#3 /home/webonise/Projects/php/app2013/yiiblog/protected/views/user/index.php(19): CBaseController->widget('zii.widgets.CLi...', Array)
#4 /home/webonise/Projects/php/app2013/yii/framework/web/CBaseController.php(126): require('/home/webonise/...')
#5 /home/webonise/Projects/php/app2013/yii/framework/web/CBaseController.php(95): CBaseController->renderInternal('/home/webonise/...', Array, true)
#6 /home/webonise/Projects/php/app2013/yii/framework/web/CController.php(869): CBaseController->renderFile('/home/webonise/...', Array, true)
#7 /home/webonise/Projects/php/app2013/yii/framework/web/CController.php(782): CController->renderPartial('index', Array, true)
#8 /home/webonise/Projects/php/app2013/yiiblog/protected/controllers/UserController.php(38): CController->render('index', Array)
#9 /home/webonise/Projects/php/app2013/yii/framework/web/actions/CInlineAction.php(49): UserController->actionIndex()
#10 /home/webonise/Projects/php/app2013/yii/framework/web/CController.php(308): CInlineAction->runWithParams(Array)
#11 /home/webonise/Projects/php/app2013/yii/framework/web/CController.php(286): CController->runAction(Object(CInlineAction))
#12 /home/webonise/Projects/php/app2013/yii/framework/web/CController.php(265): CController->runActionWithFilters(Object(CInlineAction), Array)
#13 /home/webonise/Projects/php/app2013/yii/framework/web/CWebApplication.php(282): CController->run('index')
#14 /home/webonise/Projects/php/app2013/yii/framework/web/CWebApplication.php(141): CWebApplication->runController('user/index')
#15 /home/webonise/Projects/php/app2013/yii/framework/base/CApplication.php(180): CWebApplication->processRequest()
#16 /home/webonise/Projects/php/app2013/yiiblog/index.php(13): CApplication->run()
#17 {main}
REQUEST_URI=/index.php?r=user/index
---
2014/01/27 14:36:06 [error] [php] Missing argument 1 for CActiveDataProvider::__construct(), called in /home/webonise/Projects/php/app2013/yiiblog/protected/controllers/UserController.php on line 35 and defined (/home/webonise/Projects/php/app2013/yii/framework/web/CActiveDataProvider.php:82)
Stack trace:
#0 /home/webonise/Projects/php/app2013/yii/framework/web/CController.php(308): CInlineAction->runWithParams()
#1 /home/webonise/Projects/php/app2013/yii/framework/web/CController.php(286): UserController->runAction()
#2 /home/webonise/Projects/php/app2013/yii/framework/web/CController.php(265): UserController->runActionWithFilters()
#3 /home/webonise/Projects/php/app2013/yii/framework/web/CWebApplication.php(282): UserController->run()
#4 /home/webonise/Projects/php/app2013/yii/framework/web/CWebApplication.php(141): CWebApplication->runController()
#5 /home/webonise/Projects/php/app2013/yii/framework/base/CApplication.php(180): CWebApplication->processRequest()
#6 /home/webonise/Projects/php/app2013/yiiblog/index.php(13): CWebApplication->run()
REQUEST_URI=/index.php?r=user/index
in /home/webonise/Projects/php/app2013/yiiblog/protected/controllers/UserController.php (35)
in /home/webonise/Projects/php/app2013/yiiblog/index.php (13)
2014/01/27 14:36:18 [error] [exception.CException] exception 'CException' with message 'The "dataProvider" property cannot be empty.' in /home/webonise/Projects/php/app2013/yii/framework/zii/widgets/CBaseListView.php:113
Stack trace:
#0 /home/webonise/Projects/php/app2013/yii/framework/zii/widgets/CListView.php(211): CBaseListView->init()
#1 /home/webonise/Projects/php/app2013/yii/framework/web/CBaseController.php(147): CListView->init()
#2 /home/webonise/Projects/php/app2013/yii/framework/web/CBaseController.php(180): CBaseController->createWidget('zii.widgets.CLi...', Array)
#3 /home/webonise/Projects/php/app2013/yiiblog/protected/views/user/index.php(19): CBaseController->widget('zii.widgets.CLi...', Array)
#4 /home/webonise/Projects/php/app2013/yii/framework/web/CBaseController.php(126): require('/home/webonise/...')
#5 /home/webonise/Projects/php/app2013/yii/framework/web/CBaseController.php(95): CBaseController->renderInternal('/home/webonise/...', Array, true)
#6 /home/webonise/Projects/php/app2013/yii/framework/web/CController.php(869): CBaseController->renderFile('/home/webonise/...', Array, true)
#7 /home/webonise/Projects/php/app2013/yii/framework/web/CController.php(782): CController->renderPartial('index', Array, true)
#8 /home/webonise/Projects/php/app2013/yiiblog/protected/controllers/UserController.php(39): CController->render('index', Array)
#9 /home/webonise/Projects/php/app2013/yii/framework/web/actions/CInlineAction.php(49): UserController->actionIndex()
#10 /home/webonise/Projects/php/app2013/yii/framework/web/CController.php(308): CInlineAction->runWithParams(Array)
#11 /home/webonise/Projects/php/app2013/yii/framework/web/CController.php(286): CController->runAction(Object(CInlineAction))
#12 /home/webonise/Projects/php/app2013/yii/framework/web/CController.php(265): CController->runActionWithFilters(Object(CInlineAction), Array)
#13 /home/webonise/Projects/php/app2013/yii/framework/web/CWebApplication.php(282): CController->run('index')
#14 /home/webonise/Projects/php/app2013/yii/framework/web/CWebApplication.php(141): CWebApplication->runController('user/index')
#15 /home/webonise/Projects/php/app2013/yii/framework/base/CApplication.php(180): CWebApplication->processRequest()
#16 /home/webonise/Projects/php/app2013/yiiblog/index.php(13): CApplication->run()
#17 {main}
REQUEST_URI=/index.php?r=user/index
---
2014/01/27 14:36:42 [error] [exception.CException] exception 'CException' with message 'The "dataProvider" property cannot be empty.' in /home/webonise/Projects/php/app2013/yii/framework/zii/widgets/CBaseListView.php:113
Stack trace:
#0 /home/webonise/Projects/php/app2013/yii/framework/zii/widgets/CListView.php(211): CBaseListView->init()
#1 /home/webonise/Projects/php/app2013/yii/framework/web/CBaseController.php(147): CListView->init()
#2 /home/webonise/Projects/php/app2013/yii/framework/web/CBaseController.php(180): CBaseController->createWidget('zii.widgets.CLi...', Array)
#3 /home/webonise/Projects/php/app2013/yiiblog/protected/views/user/index.php(19): CBaseController->widget('zii.widgets.CLi...', Array)
#4 /home/webonise/Projects/php/app2013/yii/framework/web/CBaseController.php(126): require('/home/webonise/...')
#5 /home/webonise/Projects/php/app2013/yii/framework/web/CBaseController.php(95): CBaseController->renderInternal('/home/webonise/...', Array, true)
#6 /home/webonise/Projects/php/app2013/yii/framework/web/CController.php(869): CBaseController->renderFile('/home/webonise/...', Array, true)
#7 /home/webonise/Projects/php/app2013/yii/framework/web/CController.php(782): CController->renderPartial('index', Array, true)
#8 /home/webonise/Projects/php/app2013/yiiblog/protected/controllers/UserController.php(40): CController->render('index', Array)
#9 /home/webonise/Projects/php/app2013/yii/framework/web/actions/CInlineAction.php(49): UserController->actionIndex()
#10 /home/webonise/Projects/php/app2013/yii/framework/web/CController.php(308): CInlineAction->runWithParams(Array)
#11 /home/webonise/Projects/php/app2013/yii/framework/web/CController.php(286): CController->runAction(Object(CInlineAction))
#12 /home/webonise/Projects/php/app2013/yii/framework/web/CController.php(265): CController->runActionWithFilters(Object(CInlineAction), Array)
#13 /home/webonise/Projects/php/app2013/yii/framework/web/CWebApplication.php(282): CController->run('index')
#14 /home/webonise/Projects/php/app2013/yii/framework/web/CWebApplication.php(141): CWebApplication->runController('user/index')
#15 /home/webonise/Projects/php/app2013/yii/framework/base/CApplication.php(180): CWebApplication->processRequest()
#16 /home/webonise/Projects/php/app2013/yiiblog/index.php(13): CApplication->run()
#17 {main}
REQUEST_URI=/index.php?r=user/index
---
2014/01/27 14:36:44 [error] [exception.CException] exception 'CException' with message 'The "dataProvider" property cannot be empty.' in /home/webonise/Projects/php/app2013/yii/framework/zii/widgets/CBaseListView.php:113
Stack trace:
#0 /home/webonise/Projects/php/app2013/yii/framework/zii/widgets/CListView.php(211): CBaseListView->init()
#1 /home/webonise/Projects/php/app2013/yii/framework/web/CBaseController.php(147): CListView->init()
#2 /home/webonise/Projects/php/app2013/yii/framework/web/CBaseController.php(180): CBaseController->createWidget('zii.widgets.CLi...', Array)
#3 /home/webonise/Projects/php/app2013/yiiblog/protected/views/user/index.php(19): CBaseController->widget('zii.widgets.CLi...', Array)
#4 /home/webonise/Projects/php/app2013/yii/framework/web/CBaseController.php(126): require('/home/webonise/...')
#5 /home/webonise/Projects/php/app2013/yii/framework/web/CBaseController.php(95): CBaseController->renderInternal('/home/webonise/...', Array, true)
#6 /home/webonise/Projects/php/app2013/yii/framework/web/CController.php(869): CBaseController->renderFile('/home/webonise/...', Array, true)
#7 /home/webonise/Projects/php/app2013/yii/framework/web/CController.php(782): CController->renderPartial('index', Array, true)
#8 /home/webonise/Projects/php/app2013/yiiblog/protected/controllers/UserController.php(40): CController->render('index', Array)
#9 /home/webonise/Projects/php/app2013/yii/framework/web/actions/CInlineAction.php(49): UserController->actionIndex()
#10 /home/webonise/Projects/php/app2013/yii/framework/web/CController.php(308): CInlineAction->runWithParams(Array)
#11 /home/webonise/Projects/php/app2013/yii/framework/web/CController.php(286): CController->runAction(Object(CInlineAction))
#12 /home/webonise/Projects/php/app2013/yii/framework/web/CController.php(265): CController->runActionWithFilters(Object(CInlineAction), Array)
#13 /home/webonise/Projects/php/app2013/yii/framework/web/CWebApplication.php(282): CController->run('index')
#14 /home/webonise/Projects/php/app2013/yii/framework/web/CWebApplication.php(141): CWebApplication->runController('user/index')
#15 /home/webonise/Projects/php/app2013/yii/framework/base/CApplication.php(180): CWebApplication->processRequest()
#16 /home/webonise/Projects/php/app2013/yiiblog/index.php(13): CApplication->run()
#17 {main}
REQUEST_URI=/index.php?r=user/index
---
2014/01/27 14:36:54 [error] [php] require(): Filename cannot be empty (/home/webonise/Projects/php/app2013/yii/framework/web/CBaseController.php:130)
Stack trace:
#0 /home/webonise/Projects/php/app2013/yii/framework/zii/widgets/CListView.php(291): UserController->renderFile()
#1 /home/webonise/Projects/php/app2013/yii/framework/zii/widgets/CBaseListView.php(171): CListView->renderItems()
#2 unknown(0): CListView->renderSection()
#3 /home/webonise/Projects/php/app2013/yii/framework/zii/widgets/CBaseListView.php(154): preg_replace_callback()
#4 /home/webonise/Projects/php/app2013/yii/framework/zii/widgets/CBaseListView.php(139): CListView->renderContent()
#5 /home/webonise/Projects/php/app2013/yii/framework/web/CBaseController.php(181): CListView->run()
#6 /home/webonise/Projects/php/app2013/yiiblog/protected/views/user/index.php(20): UserController->widget()
#7 /home/webonise/Projects/php/app2013/yii/framework/web/CBaseController.php(126): require()
#8 /home/webonise/Projects/php/app2013/yii/framework/web/CBaseController.php(95): UserController->renderInternal()
#9 /home/webonise/Projects/php/app2013/yii/framework/web/CController.php(869): UserController->renderFile()
#10 /home/webonise/Projects/php/app2013/yii/framework/web/CController.php(782): UserController->renderPartial()
#11 /home/webonise/Projects/php/app2013/yiiblog/protected/controllers/UserController.php(40): UserController->render()
#12 /home/webonise/Projects/php/app2013/yii/framework/web/actions/CInlineAction.php(49): UserController->actionIndex()
#13 /home/webonise/Projects/php/app2013/yii/framework/web/CController.php(308): CInlineAction->runWithParams()
#14 /home/webonise/Projects/php/app2013/yii/framework/web/CController.php(286): UserController->runAction()
#15 /home/webonise/Projects/php/app2013/yii/framework/web/CController.php(265): UserController->runActionWithFilters()
#16 /home/webonise/Projects/php/app2013/yii/framework/web/CWebApplication.php(282): UserController->run()
#17 /home/webonise/Projects/php/app2013/yii/framework/web/CWebApplication.php(141): CWebApplication->runController()
#18 /home/webonise/Projects/php/app2013/yii/framework/base/CApplication.php(180): CWebApplication->processRequest()
#19 /home/webonise/Projects/php/app2013/yiiblog/index.php(13): CWebApplication->run()
REQUEST_URI=/index.php?r=user/index
in /home/webonise/Projects/php/app2013/yiiblog/protected/views/user/index.php (20)
in /home/webonise/Projects/php/app2013/yiiblog/protected/controllers/UserController.php (40)
in /home/webonise/Projects/php/app2013/yiiblog/index.php (13)
2014/01/27 14:37:46 [error] [php] require(): Filename cannot be empty (/home/webonise/Projects/php/app2013/yii/framework/web/CBaseController.php:130)
Stack trace:
#0 /home/webonise/Projects/php/app2013/yii/framework/zii/widgets/CListView.php(291): UserController->renderFile()
#1 /home/webonise/Projects/php/app2013/yii/framework/zii/widgets/CBaseListView.php(171): CListView->renderItems()
#2 unknown(0): CListView->renderSection()
#3 /home/webonise/Projects/php/app2013/yii/framework/zii/widgets/CBaseListView.php(154): preg_replace_callback()
#4 /home/webonise/Projects/php/app2013/yii/framework/zii/widgets/CBaseListView.php(139): CListView->renderContent()
#5 /home/webonise/Projects/php/app2013/yii/framework/web/CBaseController.php(181): CListView->run()
#6 /home/webonise/Projects/php/app2013/yiiblog/protected/views/user/index.php(20): UserController->widget()
#7 /home/webonise/Projects/php/app2013/yii/framework/web/CBaseController.php(126): require()
#8 /home/webonise/Projects/php/app2013/yii/framework/web/CBaseController.php(95): UserController->renderInternal()
#9 /home/webonise/Projects/php/app2013/yii/framework/web/CController.php(869): UserController->renderFile()
#10 /home/webonise/Projects/php/app2013/yii/framework/web/CController.php(782): UserController->renderPartial()
#11 /home/webonise/Projects/php/app2013/yiiblog/protected/controllers/UserController.php(40): UserController->render()
#12 /home/webonise/Projects/php/app2013/yii/framework/web/actions/CInlineAction.php(49): UserController->actionIndex()
#13 /home/webonise/Projects/php/app2013/yii/framework/web/CController.php(308): CInlineAction->runWithParams()
#14 /home/webonise/Projects/php/app2013/yii/framework/web/CController.php(286): UserController->runAction()
#15 /home/webonise/Projects/php/app2013/yii/framework/web/CController.php(265): UserController->runActionWithFilters()
#16 /home/webonise/Projects/php/app2013/yii/framework/web/CWebApplication.php(282): UserController->run()
#17 /home/webonise/Projects/php/app2013/yii/framework/web/CWebApplication.php(141): CWebApplication->runController()
#18 /home/webonise/Projects/php/app2013/yii/framework/base/CApplication.php(180): CWebApplication->processRequest()
#19 /home/webonise/Projects/php/app2013/yiiblog/index.php(13): CWebApplication->run()
REQUEST_URI=/index.php?r=user/index
in /home/webonise/Projects/php/app2013/yiiblog/protected/views/user/index.php (20)
in /home/webonise/Projects/php/app2013/yiiblog/protected/controllers/UserController.php (40)
in /home/webonise/Projects/php/app2013/yiiblog/index.php (13)
2014/01/27 14:44:38 [error] [php] require(): Filename cannot be empty (/home/webonise/Projects/php/app2013/yii/framework/web/CBaseController.php:130)
Stack trace:
#0 /home/webonise/Projects/php/app2013/yii/framework/zii/widgets/CListView.php(291): UserController->renderFile()
#1 /home/webonise/Projects/php/app2013/yii/framework/zii/widgets/CBaseListView.php(171): CListView->renderItems()
#2 unknown(0): CListView->renderSection()
#3 /home/webonise/Projects/php/app2013/yii/framework/zii/widgets/CBaseListView.php(154): preg_replace_callback()
#4 /home/webonise/Projects/php/app2013/yii/framework/zii/widgets/CBaseListView.php(139): CListView->renderContent()
#5 /home/webonise/Projects/php/app2013/yii/framework/web/CBaseController.php(181): CListView->run()
#6 /home/webonise/Projects/php/app2013/yiiblog/protected/views/user/index.php(20): UserController->widget()
#7 /home/webonise/Projects/php/app2013/yii/framework/web/CBaseController.php(126): require()
#8 /home/webonise/Projects/php/app2013/yii/framework/web/CBaseController.php(95): UserController->renderInternal()
#9 /home/webonise/Projects/php/app2013/yii/framework/web/CController.php(869): UserController->renderFile()
#10 /home/webonise/Projects/php/app2013/yii/framework/web/CController.php(782): UserController->renderPartial()
#11 /home/webonise/Projects/php/app2013/yiiblog/protected/controllers/UserController.php(67): UserController->render()
#12 /home/webonise/Projects/php/app2013/yii/framework/web/actions/CInlineAction.php(49): UserController->actionIndex()
#13 /home/webonise/Projects/php/app2013/yii/framework/web/CController.php(308): CInlineAction->runWithParams()
#14 /home/webonise/Projects/php/app2013/yii/framework/web/filters/CFilterChain.php(133): UserController->runAction()
#15 /home/webonise/Projects/php/app2013/yii/framework/web/filters/CFilter.php(40): CFilterChain->run()
#16 /home/webonise/Projects/php/app2013/yii/framework/web/CController.php(1145): CAccessControlFilter->filter()
#17 /home/webonise/Projects/php/app2013/yii/framework/web/filters/CInlineFilter.php(58): UserController->filterAccessControl()
#18 /home/webonise/Projects/php/app2013/yii/framework/web/filters/CFilterChain.php(130): CInlineFilter->filter()
#19 /home/webonise/Projects/php/app2013/yii/framework/web/CController.php(291): CFilterChain->run()
#20 /home/webonise/Projects/php/app2013/yii/framework/web/CController.php(265): UserController->runActionWithFilters()
#21 /home/webonise/Projects/php/app2013/yii/framework/web/CWebApplication.php(282): UserController->run()
#22 /home/webonise/Projects/php/app2013/yii/framework/web/CWebApplication.php(141): CWebApplication->runController()
#23 /home/webonise/Projects/php/app2013/yii/framework/base/CApplication.php(180): CWebApplication->processRequest()
#24 /home/webonise/Projects/php/app2013/yiiblog/index.php(13): CWebApplication->run()
REQUEST_URI=/index.php?r=user/index
in /home/webonise/Projects/php/app2013/yiiblog/protected/views/user/index.php (20)
in /home/webonise/Projects/php/app2013/yiiblog/protected/controllers/UserController.php (67)
in /home/webonise/Projects/php/app2013/yiiblog/index.php (13)
2014/01/27 14:44:39 [error] [php] require(): Filename cannot be empty (/home/webonise/Projects/php/app2013/yii/framework/web/CBaseController.php:130)
Stack trace:
#0 /home/webonise/Projects/php/app2013/yii/framework/zii/widgets/CListView.php(291): UserController->renderFile()
#1 /home/webonise/Projects/php/app2013/yii/framework/zii/widgets/CBaseListView.php(171): CListView->renderItems()
#2 unknown(0): CListView->renderSection()
#3 /home/webonise/Projects/php/app2013/yii/framework/zii/widgets/CBaseListView.php(154): preg_replace_callback()
#4 /home/webonise/Projects/php/app2013/yii/framework/zii/widgets/CBaseListView.php(139): CListView->renderContent()
#5 /home/webonise/Projects/php/app2013/yii/framework/web/CBaseController.php(181): CListView->run()
#6 /home/webonise/Projects/php/app2013/yiiblog/protected/views/user/index.php(20): UserController->widget()
#7 /home/webonise/Projects/php/app2013/yii/framework/web/CBaseController.php(126): require()
#8 /home/webonise/Projects/php/app2013/yii/framework/web/CBaseController.php(95): UserController->renderInternal()
#9 /home/webonise/Projects/php/app2013/yii/framework/web/CController.php(869): UserController->renderFile()
#10 /home/webonise/Projects/php/app2013/yii/framework/web/CController.php(782): UserController->renderPartial()
#11 /home/webonise/Projects/php/app2013/yiiblog/protected/controllers/UserController.php(67): UserController->render()
#12 /home/webonise/Projects/php/app2013/yii/framework/web/actions/CInlineAction.php(49): UserController->actionIndex()
#13 /home/webonise/Projects/php/app2013/yii/framework/web/CController.php(308): CInlineAction->runWithParams()
#14 /home/webonise/Projects/php/app2013/yii/framework/web/filters/CFilterChain.php(133): UserController->runAction()
#15 /home/webonise/Projects/php/app2013/yii/framework/web/filters/CFilter.php(40): CFilterChain->run()
#16 /home/webonise/Projects/php/app2013/yii/framework/web/CController.php(1145): CAccessControlFilter->filter()
#17 /home/webonise/Projects/php/app2013/yii/framework/web/filters/CInlineFilter.php(58): UserController->filterAccessControl()
#18 /home/webonise/Projects/php/app2013/yii/framework/web/filters/CFilterChain.php(130): CInlineFilter->filter()
#19 /home/webonise/Projects/php/app2013/yii/framework/web/CController.php(291): CFilterChain->run()
#20 /home/webonise/Projects/php/app2013/yii/framework/web/CController.php(265): UserController->runActionWithFilters()
#21 /home/webonise/Projects/php/app2013/yii/framework/web/CWebApplication.php(282): UserController->run()
#22 /home/webonise/Projects/php/app2013/yii/framework/web/CWebApplication.php(141): CWebApplication->runController()
#23 /home/webonise/Projects/php/app2013/yii/framework/base/CApplication.php(180): CWebApplication->processRequest()
#24 /home/webonise/Projects/php/app2013/yiiblog/index.php(13): CWebApplication->run()
REQUEST_URI=/index.php?r=user/index
in /home/webonise/Projects/php/app2013/yiiblog/protected/views/user/index.php (20)
in /home/webonise/Projects/php/app2013/yiiblog/protected/controllers/UserController.php (67)
in /home/webonise/Projects/php/app2013/yiiblog/index.php (13)
2014/01/27 14:45:00 [error] [php] require(): Filename cannot be empty (/home/webonise/Projects/php/app2013/yii/framework/web/CBaseController.php:130)
Stack trace:
#0 /home/webonise/Projects/php/app2013/yii/framework/zii/widgets/CListView.php(291): UserController->renderFile()
#1 /home/webonise/Projects/php/app2013/yii/framework/zii/widgets/CBaseListView.php(171): CListView->renderItems()
#2 unknown(0): CListView->renderSection()
#3 /home/webonise/Projects/php/app2013/yii/framework/zii/widgets/CBaseListView.php(154): preg_replace_callback()
#4 /home/webonise/Projects/php/app2013/yii/framework/zii/widgets/CBaseListView.php(139): CListView->renderContent()
#5 /home/webonise/Projects/php/app2013/yii/framework/web/CBaseController.php(181): CListView->run()
#6 /home/webonise/Projects/php/app2013/yiiblog/protected/views/user/index.php(20): UserController->widget()
#7 /home/webonise/Projects/php/app2013/yii/framework/web/CBaseController.php(126): require()
#8 /home/webonise/Projects/php/app2013/yii/framework/web/CBaseController.php(95): UserController->renderInternal()
#9 /home/webonise/Projects/php/app2013/yii/framework/web/CController.php(869): UserController->renderFile()
#10 /home/webonise/Projects/php/app2013/yii/framework/web/CController.php(782): UserController->renderPartial()
#11 /home/webonise/Projects/php/app2013/yiiblog/protected/controllers/UserController.php(61): UserController->render()
#12 /home/webonise/Projects/php/app2013/yii/framework/web/actions/CInlineAction.php(49): UserController->actionIndex()
#13 /home/webonise/Projects/php/app2013/yii/framework/web/CController.php(308): CInlineAction->runWithParams()
#14 /home/webonise/Projects/php/app2013/yii/framework/web/filters/CFilterChain.php(133): UserController->runAction()
#15 /home/webonise/Projects/php/app2013/yii/framework/web/filters/CFilter.php(40): CFilterChain->run()
#16 /home/webonise/Projects/php/app2013/yii/framework/web/CController.php(1145): CAccessControlFilter->filter()
#17 /home/webonise/Projects/php/app2013/yii/framework/web/filters/CInlineFilter.php(58): UserController->filterAccessControl()
#18 /home/webonise/Projects/php/app2013/yii/framework/web/filters/CFilterChain.php(130): CInlineFilter->filter()
#19 /home/webonise/Projects/php/app2013/yii/framework/web/CController.php(291): CFilterChain->run()
#20 /home/webonise/Projects/php/app2013/yii/framework/web/CController.php(265): UserController->runActionWithFilters()
#21 /home/webonise/Projects/php/app2013/yii/framework/web/CWebApplication.php(282): UserController->run()
#22 /home/webonise/Projects/php/app2013/yii/framework/web/CWebApplication.php(141): CWebApplication->runController()
#23 /home/webonise/Projects/php/app2013/yii/framework/base/CApplication.php(180): CWebApplication->processRequest()
#24 /home/webonise/Projects/php/app2013/yiiblog/index.php(13): CWebApplication->run()
REQUEST_URI=/index.php?r=user/index
in /home/webonise/Projects/php/app2013/yiiblog/protected/views/user/index.php (20)
in /home/webonise/Projects/php/app2013/yiiblog/protected/controllers/UserController.php (61)
in /home/webonise/Projects/php/app2013/yiiblog/index.php (13)
2014/01/27 14:45:08 [error] [php] require(): Filename cannot be empty (/home/webonise/Projects/php/app2013/yii/framework/web/CBaseController.php:130)
Stack trace:
#0 /home/webonise/Projects/php/app2013/yii/framework/zii/widgets/CListView.php(291): UserController->renderFile()
#1 /home/webonise/Projects/php/app2013/yii/framework/zii/widgets/CBaseListView.php(171): CListView->renderItems()
#2 unknown(0): CListView->renderSection()
#3 /home/webonise/Projects/php/app2013/yii/framework/zii/widgets/CBaseListView.php(154): preg_replace_callback()
#4 /home/webonise/Projects/php/app2013/yii/framework/zii/widgets/CBaseListView.php(139): CListView->renderContent()
#5 /home/webonise/Projects/php/app2013/yii/framework/web/CBaseController.php(181): CListView->run()
#6 /home/webonise/Projects/php/app2013/yiiblog/protected/views/user/index.php(20): UserController->widget()
#7 /home/webonise/Projects/php/app2013/yii/framework/web/CBaseController.php(126): require()
#8 /home/webonise/Projects/php/app2013/yii/framework/web/CBaseController.php(95): UserController->renderInternal()
#9 /home/webonise/Projects/php/app2013/yii/framework/web/CController.php(869): UserController->renderFile()
#10 /home/webonise/Projects/php/app2013/yii/framework/web/CController.php(782): UserController->renderPartial()
#11 /home/webonise/Projects/php/app2013/yiiblog/protected/controllers/UserController.php(61): UserController->render()
#12 /home/webonise/Projects/php/app2013/yii/framework/web/actions/CInlineAction.php(49): UserController->actionIndex()
#13 /home/webonise/Projects/php/app2013/yii/framework/web/CController.php(308): CInlineAction->runWithParams()
#14 /home/webonise/Projects/php/app2013/yii/framework/web/filters/CFilterChain.php(133): UserController->runAction()
#15 /home/webonise/Projects/php/app2013/yii/framework/web/filters/CFilter.php(40): CFilterChain->run()
#16 /home/webonise/Projects/php/app2013/yii/framework/web/CController.php(1145): CAccessControlFilter->filter()
#17 /home/webonise/Projects/php/app2013/yii/framework/web/filters/CInlineFilter.php(58): UserController->filterAccessControl()
#18 /home/webonise/Projects/php/app2013/yii/framework/web/filters/CFilterChain.php(130): CInlineFilter->filter()
#19 /home/webonise/Projects/php/app2013/yii/framework/web/CController.php(291): CFilterChain->run()
#20 /home/webonise/Projects/php/app2013/yii/framework/web/CController.php(265): UserController->runActionWithFilters()
#21 /home/webonise/Projects/php/app2013/yii/framework/web/CWebApplication.php(282): UserController->run()
#22 /home/webonise/Projects/php/app2013/yii/framework/web/CWebApplication.php(141): CWebApplication->runController()
#23 /home/webonise/Projects/php/app2013/yii/framework/base/CApplication.php(180): CWebApplication->processRequest()
#24 /home/webonise/Projects/php/app2013/yiiblog/index.php(13): CWebApplication->run()
REQUEST_URI=/index.php?r=user/index
in /home/webonise/Projects/php/app2013/yiiblog/protected/views/user/index.php (20)
in /home/webonise/Projects/php/app2013/yiiblog/protected/controllers/UserController.php (61)
in /home/webonise/Projects/php/app2013/yiiblog/index.php (13)
2014/01/27 14:45:52 [error] [php] require(): Filename cannot be empty (/home/webonise/Projects/php/app2013/yii/framework/web/CBaseController.php:130)
Stack trace:
#0 /home/webonise/Projects/php/app2013/yii/framework/zii/widgets/CListView.php(291): UserController->renderFile()
#1 /home/webonise/Projects/php/app2013/yii/framework/zii/widgets/CBaseListView.php(171): CListView->renderItems()
#2 unknown(0): CListView->renderSection()
#3 /home/webonise/Projects/php/app2013/yii/framework/zii/widgets/CBaseListView.php(154): preg_replace_callback()
#4 /home/webonise/Projects/php/app2013/yii/framework/zii/widgets/CBaseListView.php(139): CListView->renderContent()
#5 /home/webonise/Projects/php/app2013/yii/framework/web/CBaseController.php(181): CListView->run()
#6 /home/webonise/Projects/php/app2013/yiiblog/protected/views/user/index.php(20): UserController->widget()
#7 /home/webonise/Projects/php/app2013/yii/framework/web/CBaseController.php(126): require()
#8 /home/webonise/Projects/php/app2013/yii/framework/web/CBaseController.php(95): UserController->renderInternal()
#9 /home/webonise/Projects/php/app2013/yii/framework/web/CController.php(869): UserController->renderFile()
#10 /home/webonise/Projects/php/app2013/yii/framework/web/CController.php(782): UserController->renderPartial()
#11 /home/webonise/Projects/php/app2013/yiiblog/protected/controllers/UserController.php(61): UserController->render()
#12 /home/webonise/Projects/php/app2013/yii/framework/web/actions/CInlineAction.php(49): UserController->actionIndex()
#13 /home/webonise/Projects/php/app2013/yii/framework/web/CController.php(308): CInlineAction->runWithParams()
#14 /home/webonise/Projects/php/app2013/yii/framework/web/filters/CFilterChain.php(133): UserController->runAction()
#15 /home/webonise/Projects/php/app2013/yii/framework/web/filters/CFilter.php(40): CFilterChain->run()
#16 /home/webonise/Projects/php/app2013/yii/framework/web/CController.php(1145): CAccessControlFilter->filter()
#17 /home/webonise/Projects/php/app2013/yii/framework/web/filters/CInlineFilter.php(58): UserController->filterAccessControl()
#18 /home/webonise/Projects/php/app2013/yii/framework/web/filters/CFilterChain.php(130): CInlineFilter->filter()
#19 /home/webonise/Projects/php/app2013/yii/framework/web/CController.php(291): CFilterChain->run()
#20 /home/webonise/Projects/php/app2013/yii/framework/web/CController.php(265): UserController->runActionWithFilters()
#21 /home/webonise/Projects/php/app2013/yii/framework/web/CWebApplication.php(282): UserController->run()
#22 /home/webonise/Projects/php/app2013/yii/framework/web/CWebApplication.php(141): CWebApplication->runController()
#23 /home/webonise/Projects/php/app2013/yii/framework/base/CApplication.php(180): CWebApplication->processRequest()
#24 /home/webonise/Projects/php/app2013/yiiblog/index.php(13): CWebApplication->run()
REQUEST_URI=/index.php?r=user/index
in /home/webonise/Projects/php/app2013/yiiblog/protected/views/user/index.php (20)
in /home/webonise/Projects/php/app2013/yiiblog/protected/controllers/UserController.php (61)
in /home/webonise/Projects/php/app2013/yiiblog/index.php (13)
2014/01/27 14:45:56 [error] [php] require(): Filename cannot be empty (/home/webonise/Projects/php/app2013/yii/framework/web/CBaseController.php:130)
Stack trace:
#0 /home/webonise/Projects/php/app2013/yii/framework/zii/widgets/CListView.php(291): UserController->renderFile()
#1 /home/webonise/Projects/php/app2013/yii/framework/zii/widgets/CBaseListView.php(171): CListView->renderItems()
#2 unknown(0): CListView->renderSection()
#3 /home/webonise/Projects/php/app2013/yii/framework/zii/widgets/CBaseListView.php(154): preg_replace_callback()
#4 /home/webonise/Projects/php/app2013/yii/framework/zii/widgets/CBaseListView.php(139): CListView->renderContent()
#5 /home/webonise/Projects/php/app2013/yii/framework/web/CBaseController.php(181): CListView->run()
#6 /home/webonise/Projects/php/app2013/yiiblog/protected/views/user/index.php(20): UserController->widget()
#7 /home/webonise/Projects/php/app2013/yii/framework/web/CBaseController.php(126): require()
#8 /home/webonise/Projects/php/app2013/yii/framework/web/CBaseController.php(95): UserController->renderInternal()
#9 /home/webonise/Projects/php/app2013/yii/framework/web/CController.php(869): UserController->renderFile()
#10 /home/webonise/Projects/php/app2013/yii/framework/web/CController.php(782): UserController->renderPartial()
#11 /home/webonise/Projects/php/app2013/yiiblog/protected/controllers/UserController.php(61): UserController->render()
#12 /home/webonise/Projects/php/app2013/yii/framework/web/actions/CInlineAction.php(49): UserController->actionIndex()
#13 /home/webonise/Projects/php/app2013/yii/framework/web/CController.php(308): CInlineAction->runWithParams()
#14 /home/webonise/Projects/php/app2013/yii/framework/web/filters/CFilterChain.php(133): UserController->runAction()
#15 /home/webonise/Projects/php/app2013/yii/framework/web/filters/CFilter.php(40): CFilterChain->run()
#16 /home/webonise/Projects/php/app2013/yii/framework/web/CController.php(1145): CAccessControlFilter->filter()
#17 /home/webonise/Projects/php/app2013/yii/framework/web/filters/CInlineFilter.php(58): UserController->filterAccessControl()
#18 /home/webonise/Projects/php/app2013/yii/framework/web/filters/CFilterChain.php(130): CInlineFilter->filter()
#19 /home/webonise/Projects/php/app2013/yii/framework/web/CController.php(291): CFilterChain->run()
#20 /home/webonise/Projects/php/app2013/yii/framework/web/CController.php(265): UserController->runActionWithFilters()
#21 /home/webonise/Projects/php/app2013/yii/framework/web/CWebApplication.php(282): UserController->run()
#22 /home/webonise/Projects/php/app2013/yii/framework/web/CWebApplication.php(141): CWebApplication->runController()
#23 /home/webonise/Projects/php/app2013/yii/framework/base/CApplication.php(180): CWebApplication->processRequest()
#24 /home/webonise/Projects/php/app2013/yiiblog/index.php(13): CWebApplication->run()
REQUEST_URI=/index.php?r=user
in /home/webonise/Projects/php/app2013/yiiblog/protected/views/user/index.php (20)
in /home/webonise/Projects/php/app2013/yiiblog/protected/controllers/UserController.php (61)
in /home/webonise/Projects/php/app2013/yiiblog/index.php (13)
2014/01/27 14:45:58 [error] [php] require(): Filename cannot be empty (/home/webonise/Projects/php/app2013/yii/framework/web/CBaseController.php:130)
Stack trace:
#0 /home/webonise/Projects/php/app2013/yii/framework/zii/widgets/CListView.php(291): UserController->renderFile()
#1 /home/webonise/Projects/php/app2013/yii/framework/zii/widgets/CBaseListView.php(171): CListView->renderItems()
#2 unknown(0): CListView->renderSection()
#3 /home/webonise/Projects/php/app2013/yii/framework/zii/widgets/CBaseListView.php(154): preg_replace_callback()
#4 /home/webonise/Projects/php/app2013/yii/framework/zii/widgets/CBaseListView.php(139): CListView->renderContent()
#5 /home/webonise/Projects/php/app2013/yii/framework/web/CBaseController.php(181): CListView->run()
#6 /home/webonise/Projects/php/app2013/yiiblog/protected/views/user/index.php(20): UserController->widget()
#7 /home/webonise/Projects/php/app2013/yii/framework/web/CBaseController.php(126): require()
#8 /home/webonise/Projects/php/app2013/yii/framework/web/CBaseController.php(95): UserController->renderInternal()
#9 /home/webonise/Projects/php/app2013/yii/framework/web/CController.php(869): UserController->renderFile()
#10 /home/webonise/Projects/php/app2013/yii/framework/web/CController.php(782): UserController->renderPartial()
#11 /home/webonise/Projects/php/app2013/yiiblog/protected/controllers/UserController.php(61): UserController->render()
#12 /home/webonise/Projects/php/app2013/yii/framework/web/actions/CInlineAction.php(49): UserController->actionIndex()
#13 /home/webonise/Projects/php/app2013/yii/framework/web/CController.php(308): CInlineAction->runWithParams()
#14 /home/webonise/Projects/php/app2013/yii/framework/web/filters/CFilterChain.php(133): UserController->runAction()
#15 /home/webonise/Projects/php/app2013/yii/framework/web/filters/CFilter.php(40): CFilterChain->run()
#16 /home/webonise/Projects/php/app2013/yii/framework/web/CController.php(1145): CAccessControlFilter->filter()
#17 /home/webonise/Projects/php/app2013/yii/framework/web/filters/CInlineFilter.php(58): UserController->filterAccessControl()
#18 /home/webonise/Projects/php/app2013/yii/framework/web/filters/CFilterChain.php(130): CInlineFilter->filter()
#19 /home/webonise/Projects/php/app2013/yii/framework/web/CController.php(291): CFilterChain->run()
#20 /home/webonise/Projects/php/app2013/yii/framework/web/CController.php(265): UserController->runActionWithFilters()
#21 /home/webonise/Projects/php/app2013/yii/framework/web/CWebApplication.php(282): UserController->run()
#22 /home/webonise/Projects/php/app2013/yii/framework/web/CWebApplication.php(141): CWebApplication->runController()
#23 /home/webonise/Projects/php/app2013/yii/framework/base/CApplication.php(180): CWebApplication->processRequest()
#24 /home/webonise/Projects/php/app2013/yiiblog/index.php(13): CWebApplication->run()
REQUEST_URI=/index.php?r=user
in /home/webonise/Projects/php/app2013/yiiblog/protected/views/user/index.php (20)
in /home/webonise/Projects/php/app2013/yiiblog/protected/controllers/UserController.php (61)
in /home/webonise/Projects/php/app2013/yiiblog/index.php (13)
2014/01/27 19:17:29 [error] [php] require(): Filename cannot be empty (/home/webonise/Projects/php/app2013/yii/framework/web/CBaseController.php:130)
Stack trace:
#0 /home/webonise/Projects/php/app2013/yii/framework/zii/widgets/CListView.php(291): UserController->renderFile()
#1 /home/webonise/Projects/php/app2013/yii/framework/zii/widgets/CBaseListView.php(171): CListView->renderItems()
#2 unknown(0): CListView->renderSection()
#3 /home/webonise/Projects/php/app2013/yii/framework/zii/widgets/CBaseListView.php(154): preg_replace_callback()
#4 /home/webonise/Projects/php/app2013/yii/framework/zii/widgets/CBaseListView.php(139): CListView->renderContent()
#5 /home/webonise/Projects/php/app2013/yii/framework/web/CBaseController.php(181): CListView->run()
#6 /home/webonise/Projects/php/app2013/yiiblog/protected/views/user/index.php(20): UserController->widget()
#7 /home/webonise/Projects/php/app2013/yii/framework/web/CBaseController.php(126): require()
#8 /home/webonise/Projects/php/app2013/yii/framework/web/CBaseController.php(95): UserController->renderInternal()
#9 /home/webonise/Projects/php/app2013/yii/framework/web/CController.php(869): UserController->renderFile()
#10 /home/webonise/Projects/php/app2013/yii/framework/web/CController.php(782): UserController->renderPartial()
#11 /home/webonise/Projects/php/app2013/yiiblog/protected/controllers/UserController.php(61): UserController->render()
#12 /home/webonise/Projects/php/app2013/yii/framework/web/actions/CInlineAction.php(49): UserController->actionIndex()
#13 /home/webonise/Projects/php/app2013/yii/framework/web/CController.php(308): CInlineAction->runWithParams()
#14 /home/webonise/Projects/php/app2013/yii/framework/web/filters/CFilterChain.php(133): UserController->runAction()
#15 /home/webonise/Projects/php/app2013/yii/framework/web/filters/CFilter.php(40): CFilterChain->run()
#16 /home/webonise/Projects/php/app2013/yii/framework/web/CController.php(1145): CAccessControlFilter->filter()
#17 /home/webonise/Projects/php/app2013/yii/framework/web/filters/CInlineFilter.php(58): UserController->filterAccessControl()
#18 /home/webonise/Projects/php/app2013/yii/framework/web/filters/CFilterChain.php(130): CInlineFilter->filter()
#19 /home/webonise/Projects/php/app2013/yii/framework/web/CController.php(291): CFilterChain->run()
#20 /home/webonise/Projects/php/app2013/yii/framework/web/CController.php(265): UserController->runActionWithFilters()
#21 /home/webonise/Projects/php/app2013/yii/framework/web/CWebApplication.php(282): UserController->run()
#22 /home/webonise/Projects/php/app2013/yii/framework/web/CWebApplication.php(141): CWebApplication->runController()
#23 /home/webonise/Projects/php/app2013/yii/framework/base/CApplication.php(180): CWebApplication->processRequest()
#24 /home/webonise/Projects/php/app2013/yiiblog/index.php(13): CWebApplication->run()
REQUEST_URI=/index.php?r=user
in /home/webonise/Projects/php/app2013/yiiblog/protected/views/user/index.php (20)
in /home/webonise/Projects/php/app2013/yiiblog/protected/controllers/UserController.php (61)
in /home/webonise/Projects/php/app2013/yiiblog/index.php (13)
